#
# A fatal error has been detected by the Java Runtime Environment:
#
#  EXCEPTION_ACCESS_VIOLATION (0xc0000005) at pc=0x6e8379c1, pid=3776, tid=3092
#
# JRE version: Java(TM) SE Runtime Environment (7.0_65-b20) (build 1.7.0_65-b20)
# Java VM: Java HotSpot(TM) Client VM (24.65-b04 mixed mode, sharing windows-x86 )
# Problematic frame:
# V  [jvm.dll+0xc79c1]
#
# Failed to write core dump. Minidumps are not enabled by default on client versions of Windows
#
# If you would like to submit a bug report, please visit:
#   http://bugreport.sun.com/bugreport/crash.jsp
#

---------------  T H R E A D  ---------------

Current thread (0x02f7b400):  JavaThread "AWT-EventQueue-0" [_thread_in_vm, id=3092, stack(0x03260000,0x032b0000)]

siginfo: ExceptionCode=0xc0000005, reading address 0x00000000

Registers:
EAX=0x00000000, EBX=0x32edc9f0, ECX=0x00000000, EDX=0x32edcda8
ESP=0x032ae850, EBP=0x032ae854, ESI=0x02f7b530, EDI=0x00000000
EIP=0x6e8379c1, EFLAGS=0x00010246

Top of Stack: (sp=0x032ae850)
0x032ae850:   02f7b400 032ae878 033a2d4f 02f7b530
0x032ae860:   00000000 00000000 02f7b400 32edc9f0
0x032ae870:   32edc9f0 02f7b530 032ae8bc 0097aabd
0x032ae880:   02f7b530 032ae8d8 00000000 0000ffff
0x032ae890:   00000001 032ae8c0 00973207 032ae89c
0x032ae8a0:   00000000 032ae8d8 32edcda8 00000000
0x032ae8b0:   32edc9f0 00000000 032ae8cc 032ae8fc
0x032ae8c0:   0097334f 00000000 009788c9 00000001 

Instructions: (pc=0x6e8379c1)
0x6e8379a1:   eb 03 89 4d fc 8b 45 fc 6a 06 50 e8 ef 9d f3 ff
0x6e8379b1:   8b 45 10 83 c4 08 85 c0 74 03 c6 00 01 8b 4d 0c
0x6e8379c1:   8b 01 8b 0d 78 8c aa 6e 8b 15 70 8c aa 6e 85 c9
0x6e8379d1:   7e 05 8b 0c 01 eb 06 8b 0c 02 8b 49 08 8b 14 02 


Register to memory mapping:

EAX=0x00000000 is an unknown value
EBX=0x32edc9f0 is an oop
{method} 
 - klass: {other class}
ECX=0x00000000 is an unknown value
EDX=0x32edcda8 is an oop
{constant pool cache} 
 - klass: {other class}
                 -------------
  0  (0x32edcdb8)  [00|b8|   28]
                 [   0x3760d4e0]
                 [   0x00000000]
                 [   0x80400001]
                 -------------
  1  (0x32edcdc8)  [00|b7|   45]
                 [   0x37600188]
                 [   0x00000000]
                 [   0x80000001]
                 -------------
  2  (0x32edcdd8)  [b5|b4|   47]
                 [   0x2845ae68]
                 [   0x00000014]
                 [   0x04000006]
                 -------------
  3  (0x32edcde8)  [00|b7|   49]
                 [   0x32edc9f0]
                 [   0x00000000]
                 [   0x30000004]
                 -------------
  4  (0x32edcdf8)  [00|00|   53]
                 [   0x00000000]
                 [   0x00000000]
                 [   0x00000000]
                 -------------
  5  (0x32edce08)  [b5|b4|   59]
                 [   0x2845ae68]
                 [   0x00000018]
                 [   0x74000005]
                 -------------
  6  (0x32edce18)  [00|b7|   69]
                 [   0x32edc210]
                 [   0x00000000]
                 [   0x80000004]
                 -------------
  7  (0x32edce28)  [00|00|   71]
                 [   0x00000000]
                 [   0x00000000]
                 [   0x00000000]
                 -------------
  8  (0x32edce38)  [00|00|   77]
                 [   0x00000000]
                 [   0x00000000]
                 [   0x00000000]
                 -------------
  9  (0x32edce48)  [b5|b4|   83]
                 [   0x2845ae68]
                 [   0x00000008]
                 [   0x44000007]
                 -------------
 10  (0x32edce58)  [00|00|   85]
                 [   0x00000000]
                 [   0x00000000]
                 [   0x00000000]
                 -------------
 11  (0x32edce68)  [00|b7|   91]
                 [   0x32edcb70]
                 [   0x00000000]
                 [   0x30000004]
                 -------------
 12  (0x32edce78)  [00|00|   99]
                 [   0x00000000]
                 [   0x00000000]
                 [   0x00000000]
                 -------------
 13  (0x32edce88)  [00|00|  101]
                 [   0x00000000]
                 [   0x00000000]
                 [   0x00000000]
                 -------------
ESP=0x032ae850 is pointing into the stack for thread: 0x02f7b400
EBP=0x032ae854 is pointing into the stack for thread: 0x02f7b400
ESI=0x02f7b530 is an unknown value
EDI=0x00000000 is an unknown value


Stack: [0x03260000,0x032b0000],  sp=0x032ae850,  free space=314k
Native frames: (J=compiled Java code, j=interpreted, Vv=VM code, C=native code)
V  [jvm.dll+0xc79c1]
C  [teVirtualMIDI32.dll+0x2d4f]
j  TeVirtualMIDI.nativePortCreate(Ljava/lang/String;II)I+0
j  TeVirtualMIDI.<init>(Ljava/lang/String;II)V+13
j  TeVirtualMIDI.<init>(Ljava/lang/String;)V+5
j  MoModule.initialize()V+9
j  MoModule.<init>(Ljava/lang/String;)V+21
j  MainFrame$4.actionPerformed(Ljava/awt/event/ActionEvent;)V+18
j  javax.swing.AbstractButton.fireActionPerformed(Ljava/awt/event/ActionEvent;)V+84
j  javax.swing.AbstractButton$Handler.actionPerformed(Ljava/awt/event/ActionEvent;)V+5
j  javax.swing.DefaultButtonModel.fireActionPerformed(Ljava/awt/event/ActionEvent;)V+35
j  javax.swing.DefaultButtonModel.setPressed(Z)V+117
j  javax.swing.AbstractButton.doClick(I)V+64
j  javax.swing.plaf.basic.BasicMenuItemUI.doClick(Ljavax/swing/MenuSelectionManager;)V+53
j  javax.swing.plaf.basic.BasicMenuItemUI$Handler.mouseReleased(Ljava/awt/event/MouseEvent;)V+76
j  java.awt.Component.processMouseEvent(Ljava/awt/event/MouseEvent;)V+64
j  javax.swing.JComponent.processMouseEvent(Ljava/awt/event/MouseEvent;)V+23
j  java.awt.Component.processEvent(Ljava/awt/AWTEvent;)V+81
j  java.awt.Container.processEvent(Ljava/awt/AWTEvent;)V+18
J 714 C1 java.awt.Component.dispatchEventImpl(Ljava/awt/AWTEvent;)V (875 bytes) @ 0x00afd614 [0x00afc880+0xd94]
J 647 C1 java.awt.Container.dispatchEventImpl(Ljava/awt/AWTEvent;)V (129 bytes) @ 0x00adeafc [0x00adeaa0+0x5c]
J 302 C1 java.awt.LightweightDispatcher.retargetMouseEvent(Ljava/awt/Component;ILjava/awt/event/MouseEvent;)V (350 bytes) @ 0x00a71c18 [0x00a715c0+0x658]
j  java.awt.LightweightDispatcher.processMouseEvent(Ljava/awt/event/MouseEvent;)Z+139
j  java.awt.LightweightDispatcher.dispatchEvent(Ljava/awt/AWTEvent;)Z+50
J 647 C1 java.awt.Container.dispatchEventImpl(Ljava/awt/AWTEvent;)V (129 bytes) @ 0x00adeae0 [0x00adeaa0+0x40]
j  java.awt.Window.dispatchEventImpl(Ljava/awt/AWTEvent;)V+19
J 632 C1 java.awt.EventQueue.dispatchEventImpl(Ljava/awt/AWTEvent;Ljava/lang/Object;)V (149 bytes) @ 0x00ada224 [0x00ad9e40+0x3e4]
J 629 C1 java.awt.EventQueue$3.run()Ljava/lang/Object; (5 bytes) @ 0x00ad9680 [0x00ad9650+0x30]
v  ~StubRoutines::call_stub
V  [jvm.dll+0x1410fa]
V  [jvm.dll+0x20567e]
V  [jvm.dll+0x14117d]
V  [jvm.dll+0xfb73a]
C  [java.dll+0x102f]
J 588 C1 java.security.ProtectionDomain$1.doIntersectionPrivilege(Ljava/security/PrivilegedAction;Ljava/security/AccessControlContext;Ljava/security/AccessControlContext;)Ljava/lang/Object; (32 bytes) @ 0x00acded0 [0x00acde30+0xa0]
j  java.security.ProtectionDomain$1.doIntersectionPrivilege(Ljava/security/PrivilegedAction;Ljava/security/AccessControlContext;)Ljava/lang/Object;+6
j  java.awt.EventQueue$4.run()Ljava/lang/Void;+11
j  java.awt.EventQueue$4.run()Ljava/lang/Object;+1
v  ~StubRoutines::call_stub
V  [jvm.dll+0x1410fa]
V  [jvm.dll+0x20567e]
V  [jvm.dll+0x14117d]
V  [jvm.dll+0xfb73a]
C  [java.dll+0x102f]
J 625 C1 java.awt.EventQueue.dispatchEvent(Ljava/awt/AWTEvent;)V (80 bytes) @ 0x00ad8530 [0x00ad8280+0x2b0]
J 480 C1 java.awt.EventDispatchThread.pumpOneEventForFilters(I)V (295 bytes) @ 0x00aad4ac [0x00aace10+0x69c]
j  java.awt.EventDispatchThread.pumpEventsForFilter(ILjava/awt/Conditional;Ljava/awt/EventFilter;)V+35
j  java.awt.EventDispatchThread.pumpEventsForHierarchy(ILjava/awt/Conditional;Ljava/awt/Component;)V+11
j  java.awt.EventDispatchThread.pumpEvents(ILjava/awt/Conditional;)V+4
j  java.awt.EventDispatchThread.pumpEvents(Ljava/awt/Conditional;)V+3
j  java.awt.EventDispatchThread.run()V+9
v  ~StubRoutines::call_stub
V  [jvm.dll+0x1410fa]
V  [jvm.dll+0x20567e]
V  [jvm.dll+0x1412c5]
V  [jvm.dll+0x141327]
V  [jvm.dll+0xec6ef]
V  [jvm.dll+0x16252c]
V  [jvm.dll+0x162f87]
V  [jvm.dll+0x1a7489]
C  [msvcr100.dll+0x5c556]
C  [msvcr100.dll+0x5c600]
C  [kernel32.dll+0xb713]

Java frames: (J=compiled Java code, j=interpreted, Vv=VM code)
j  TeVirtualMIDI.nativePortCreate(Ljava/lang/String;II)I+0
j  TeVirtualMIDI.<init>(Ljava/lang/String;II)V+13
j  TeVirtualMIDI.<init>(Ljava/lang/String;)V+5
j  MoModule.initialize()V+9
j  MoModule.<init>(Ljava/lang/String;)V+21
j  MainFrame$4.actionPerformed(Ljava/awt/event/ActionEvent;)V+18
j  javax.swing.AbstractButton.fireActionPerformed(Ljava/awt/event/ActionEvent;)V+84
j  javax.swing.AbstractButton$Handler.actionPerformed(Ljava/awt/event/ActionEvent;)V+5
j  javax.swing.DefaultButtonModel.fireActionPerformed(Ljava/awt/event/ActionEvent;)V+35
j  javax.swing.DefaultButtonModel.setPressed(Z)V+117
j  javax.swing.AbstractButton.doClick(I)V+64
j  javax.swing.plaf.basic.BasicMenuItemUI.doClick(Ljavax/swing/MenuSelectionManager;)V+53
j  javax.swing.plaf.basic.BasicMenuItemUI$Handler.mouseReleased(Ljava/awt/event/MouseEvent;)V+76
j  java.awt.Component.processMouseEvent(Ljava/awt/event/MouseEvent;)V+64
j  javax.swing.JComponent.processMouseEvent(Ljava/awt/event/MouseEvent;)V+23
j  java.awt.Component.processEvent(Ljava/awt/AWTEvent;)V+81
j  java.awt.Container.processEvent(Ljava/awt/AWTEvent;)V+18
J 714 C1 java.awt.Component.dispatchEventImpl(Ljava/awt/AWTEvent;)V (875 bytes) @ 0x00afd614 [0x00afc880+0xd94]
J 647 C1 java.awt.Container.dispatchEventImpl(Ljava/awt/AWTEvent;)V (129 bytes) @ 0x00adeafc [0x00adeaa0+0x5c]
J 302 C1 java.awt.LightweightDispatcher.retargetMouseEvent(Ljava/awt/Component;ILjava/awt/event/MouseEvent;)V (350 bytes) @ 0x00a71c18 [0x00a715c0+0x658]
j  java.awt.LightweightDispatcher.processMouseEvent(Ljava/awt/event/MouseEvent;)Z+139
j  java.awt.LightweightDispatcher.dispatchEvent(Ljava/awt/AWTEvent;)Z+50
J 647 C1 java.awt.Container.dispatchEventImpl(Ljava/awt/AWTEvent;)V (129 bytes) @ 0x00adeae0 [0x00adeaa0+0x40]
j  java.awt.Window.dispatchEventImpl(Ljava/awt/AWTEvent;)V+19
J 632 C1 java.awt.EventQueue.dispatchEventImpl(Ljava/awt/AWTEvent;Ljava/lang/Object;)V (149 bytes) @ 0x00ada224 [0x00ad9e40+0x3e4]
J 629 C1 java.awt.EventQueue$3.run()Ljava/lang/Object; (5 bytes) @ 0x00ad9680 [0x00ad9650+0x30]
v  ~StubRoutines::call_stub
J 466  java.security.AccessController.doPrivileged(Ljava/security/PrivilegedAction;Ljava/security/AccessControlContext;)Ljava/lang/Object; (0 bytes) @ 0x00aaa407 [0x00aaa3a0+0x67]
J 588 C1 java.security.ProtectionDomain$1.doIntersectionPrivilege(Ljava/security/PrivilegedAction;Ljava/security/AccessControlContext;Ljava/security/AccessControlContext;)Ljava/lang/Object; (32 bytes) @ 0x00acded0 [0x00acde30+0xa0]
j  java.security.ProtectionDomain$1.doIntersectionPrivilege(Ljava/security/PrivilegedAction;Ljava/security/AccessControlContext;)Ljava/lang/Object;+6
j  java.awt.EventQueue$4.run()Ljava/lang/Void;+11
j  java.awt.EventQueue$4.run()Ljava/lang/Object;+1
v  ~StubRoutines::call_stub
J 466  java.security.AccessController.doPrivileged(Ljava/security/PrivilegedAction;Ljava/security/AccessControlContext;)Ljava/lang/Object; (0 bytes) @ 0x00aaa407 [0x00aaa3a0+0x67]
J 625 C1 java.awt.EventQueue.dispatchEvent(Ljava/awt/AWTEvent;)V (80 bytes) @ 0x00ad8530 [0x00ad8280+0x2b0]
J 480 C1 java.awt.EventDispatchThread.pumpOneEventForFilters(I)V (295 bytes) @ 0x00aad4ac [0x00aace10+0x69c]
j  java.awt.EventDispatchThread.pumpEventsForFilter(ILjava/awt/Conditional;Ljava/awt/EventFilter;)V+35
j  java.awt.EventDispatchThread.pumpEventsForHierarchy(ILjava/awt/Conditional;Ljava/awt/Component;)V+11
j  java.awt.EventDispatchThread.pumpEvents(ILjava/awt/Conditional;)V+4
j  java.awt.EventDispatchThread.pumpEvents(Ljava/awt/Conditional;)V+3
j  java.awt.EventDispatchThread.run()V+9
v  ~StubRoutines::call_stub

---------------  P R O C E S S  ---------------

Java Threads: ( => current thread )
  0x030bc400 JavaThread "Thread-4" [_thread_in_native, id=3176, stack(0x03690000,0x036e0000)]
  0x03045000 JavaThread "TimerQueue" daemon [_thread_blocked, id=1944, stack(0x034a0000,0x034f0000)]
  0x003ca400 JavaThread "DestroyJavaVM" [_thread_blocked, id=3812, stack(0x00900000,0x00950000)]
=>0x02f7b400 JavaThread "AWT-EventQueue-0" [_thread_in_vm, id=3092, stack(0x03260000,0x032b0000)]
  0x02f77000 JavaThread "AWT-Windows" daemon [_thread_blocked, id=1388, stack(0x03170000,0x031c0000)]
  0x02f75000 JavaThread "AWT-Shutdown" [_thread_blocked, id=2768, stack(0x03120000,0x03170000)]
  0x02f74800 JavaThread "Java2D Disposer" daemon [_thread_blocked, id=3088, stack(0x030d0000,0x03120000)]
  0x02a82000 JavaThread "Service Thread" daemon [_thread_blocked, id=2540, stack(0x02e30000,0x02e80000)]
  0x02a7c400 JavaThread "C1 CompilerThread0" daemon [_thread_blocked, id=2820, stack(0x02de0000,0x02e30000)]
  0x02a7a800 JavaThread "Attach Listener" daemon [_thread_blocked, id=524, stack(0x02d90000,0x02de0000)]
  0x02a79000 JavaThread "Signal Dispatcher" daemon [_thread_blocked, id=2796, stack(0x02d40000,0x02d90000)]
  0x02a11000 JavaThread "Finalizer" daemon [_thread_blocked, id=2756, stack(0x02cf0000,0x02d40000)]
  0x02a0bc00 JavaThread "Reference Handler" daemon [_thread_blocked, id=2732, stack(0x02ca0000,0x02cf0000)]

Other Threads:
  0x02a0a400 VMThread [stack: 0x02c50000,0x02ca0000] [id=4088]
  0x02a95c00 WatcherThread [stack: 0x02e80000,0x02ed0000] [id=3948]

VM state:synchronizing (normal execution)

VM Mutex/Monitor currently owned by a thread:  ([mutex/lock_event])
[0x003c9100] Threads_lock - owner thread: 0x02a0a400

Heap
 def new generation   total 4928K, used 3142K [0x22c00000, 0x23150000, 0x28150000)
  eden space 4416K,  65% used [0x22c00000, 0x22ed6d80, 0x23050000)
  from space 512K,  45% used [0x230d0000, 0x2310abf8, 0x23150000)
  to   space 512K,   0% used [0x23050000, 0x23050000, 0x230d0000)
 tenured generation   total 10944K, used 3862K [0x28150000, 0x28c00000, 0x32c00000)
   the space 10944K,  35% used [0x28150000, 0x28515a80, 0x28515c00, 0x28c00000)
 compacting perm gen  total 12288K, used 3835K [0x32c00000, 0x33800000, 0x36c00000)
   the space 12288K,  31% used [0x32c00000, 0x32fbed30, 0x32fbee00, 0x33800000)
    ro space 10240K,  42% used [0x36c00000, 0x37034650, 0x37034800, 0x37600000)
    rw space 12288K,  52% used [0x37600000, 0x37c4be40, 0x37c4c000, 0x38200000)

Card table byte_map: [0x02af0000,0x02ba0000] byte_map_base: 0x029da000

Polling page: 0x003f0000

Code Cache  [0x00970000, 0x00b08000, 0x02970000)
 total_blobs=991 nmethods=722 adapters=205 free_code_cache=31158Kb largest_free_block=31905984

Compilation events (10 events):
Event: 90.868 Thread 0x02a7c400  721             java.awt.EventDispatchThread::pumpEventsForFilter (47 bytes)
Event: 90.869 Thread 0x02a7c400 nmethod 721 0x00b00f88 code [0x00b010c0, 0x00b0122c]
Event: 90.882 Thread 0x02a7c400  722             sun.util.locale.LocaleUtils::toLowerString (95 bytes)
Event: 90.884 Thread 0x02a7c400 nmethod 722 0x00b01348 code [0x00b014a0, 0x00b01944]
Event: 90.884 Thread 0x02a7c400  723             sun.java2d.pipe.Region::getInstanceXYXY (12 bytes)
Event: 90.885 Thread 0x02a7c400 nmethod 723 0x00b01e08 code [0x00b01f00, 0x00b01fd0]
Event: 91.876 Thread 0x02a7c400  724   !         java.awt.Component::invalidate (63 bytes)
Event: 91.878 Thread 0x02a7c400 nmethod 724 0x00b02048 code [0x00b02160, 0x00b023ec]
Event: 91.878 Thread 0x02a7c400  725             java.awt.Component::invalidateParent (15 bytes)
Event: 91.878 Thread 0x02a7c400 nmethod 725 0x00b024c8 code [0x00b025d0, 0x00b026ac]

GC Heap History (10 events):
Event: 0.455 GC heap before
{Heap before GC invocations=0 (full 0):
 def new generation   total 4928K, used 4416K [0x22c00000, 0x23150000, 0x28150000)
  eden space 4416K, 100% used [0x22c00000, 0x23050000, 0x23050000)
  from space 512K,   0% used [0x23050000, 0x23050000, 0x230d0000)
  to   space 512K,   0% used [0x230d0000, 0x230d0000, 0x23150000)
 tenured generation   total 10944K, used 0K [0x28150000, 0x28c00000, 0x32c00000)
   the space 10944K,   0% used [0x28150000, 0x28150000, 0x28150200, 0x28c00000)
 compacting perm gen  total 12288K, used 910K [0x32c00000, 0x33800000, 0x36c00000)
   the space 12288K,   7% used [0x32c00000, 0x32ce3b08, 0x32ce3c00, 0x33800000)
    ro space 10240K,  42% used [0x36c00000, 0x37034650, 0x37034800, 0x37600000)
    rw space 12288K,  52% used [0x37600000, 0x37c4be40, 0x37c4c000, 0x38200000)
Event: 0.461 GC heap after
Heap after GC invocations=1 (full 0):
 def new generation   total 4928K, used 512K [0x22c00000, 0x23150000, 0x28150000)
  eden space 4416K,   0% used [0x22c00000, 0x22c00000, 0x23050000)
  from space 512K, 100% used [0x230d0000, 0x23150000, 0x23150000)
  to   space 512K,   0% used [0x23050000, 0x23050000, 0x230d0000)
 tenured generation   total 10944K, used 428K [0x28150000, 0x28c00000, 0x32c00000)
   the space 10944K,   3% used [0x28150000, 0x281bb360, 0x281bb400, 0x28c00000)
 compacting perm gen  total 12288K, used 910K [0x32c00000, 0x33800000, 0x36c00000)
   the space 12288K,   7% used [0x32c00000, 0x32ce3b08, 0x32ce3c00, 0x33800000)
    ro space 10240K,  42% used [0x36c00000, 0x37034650, 0x37034800, 0x37600000)
    rw space 12288K,  52% used [0x37600000, 0x37c4be40, 0x37c4c000, 0x38200000)
}
Event: 0.766 GC heap before
{Heap before GC invocations=1 (full 0):
 def new generation   total 4928K, used 4928K [0x22c00000, 0x23150000, 0x28150000)
  eden space 4416K, 100% used [0x22c00000, 0x23050000, 0x23050000)
  from space 512K, 100% used [0x230d0000, 0x23150000, 0x23150000)
  to   space 512K,   0% used [0x23050000, 0x23050000, 0x230d0000)
 tenured generation   total 10944K, used 428K [0x28150000, 0x28c00000, 0x32c00000)
   the space 10944K,   3% used [0x28150000, 0x281bb360, 0x281bb400, 0x28c00000)
 compacting perm gen  total 12288K, used 1999K [0x32c00000, 0x33800000, 0x36c00000)
   the space 12288K,  16% used [0x32c00000, 0x32df3c18, 0x32df3e00, 0x33800000)
    ro space 10240K,  42% used [0x36c00000, 0x37034650, 0x37034800, 0x37600000)
    rw space 12288K,  52% used [0x37600000, 0x37c4be40, 0x37c4c000, 0x38200000)
Event: 0.775 GC heap after
Heap after GC invocations=2 (full 0):
 def new generation   total 4928K, used 512K [0x22c00000, 0x23150000, 0x28150000)
  eden space 4416K,   0% used [0x22c00000, 0x22c00000, 0x23050000)
  from space 512K, 100% used [0x23050000, 0x230d0000, 0x230d0000)
  to   space 512K,   0% used [0x230d0000, 0x230d0000, 0x23150000)
 tenured generation   total 10944K, used 1512K [0x28150000, 0x28c00000, 0x32c00000)
   the space 10944K,  13% used [0x28150000, 0x282ca0e0, 0x282ca200, 0x28c00000)
 compacting perm gen  total 12288K, used 1999K [0x32c00000, 0x33800000, 0x36c00000)
   the space 12288K,  16% used [0x32c00000, 0x32df3c18, 0x32df3e00, 0x33800000)
    ro space 10240K,  42% used [0x36c00000, 0x37034650, 0x37034800, 0x37600000)
    rw space 12288K,  52% used [0x37600000, 0x37c4be40, 0x37c4c000, 0x38200000)
}
Event: 9.119 GC heap before
{Heap before GC invocations=2 (full 0):
 def new generation   total 4928K, used 4928K [0x22c00000, 0x23150000, 0x28150000)
  eden space 4416K, 100% used [0x22c00000, 0x23050000, 0x23050000)
  from space 512K, 100% used [0x23050000, 0x230d0000, 0x230d0000)
  to   space 512K,   0% used [0x230d0000, 0x230d0000, 0x23150000)
 tenured generation   total 10944K, used 1512K [0x28150000, 0x28c00000, 0x32c00000)
   the space 10944K,  13% used [0x28150000, 0x282ca0e0, 0x282ca200, 0x28c00000)
 compacting perm gen  total 12288K, used 2931K [0x32c00000, 0x33800000, 0x36c00000)
   the space 12288K,  23% used [0x32c00000, 0x32edce98, 0x32edd000, 0x33800000)
    ro space 10240K,  42% used [0x36c00000, 0x37034650, 0x37034800, 0x37600000)
    rw space 12288K,  52% used [0x37600000, 0x37c4be40, 0x37c4c000, 0x38200000)
Event: 9.138 GC heap after
Heap after GC invocations=3 (full 0):
 def new generation   total 4928K, used 512K [0x22c00000, 0x23150000, 0x28150000)
  eden space 4416K,   0% used [0x22c00000, 0x22c00000, 0x23050000)
  from space 512K, 100% used [0x230d0000, 0x23150000, 0x23150000)
  to   space 512K,   0% used [0x23050000, 0x23050000, 0x230d0000)
 tenured generation   total 10944K, used 3090K [0x28150000, 0x28c00000, 0x32c00000)
   the space 10944K,  28% used [0x28150000, 0x28454b78, 0x28454c00, 0x28c00000)
 compacting perm gen  total 12288K, used 2931K [0x32c00000, 0x33800000, 0x36c00000)
   the space 12288K,  23% used [0x32c00000, 0x32edce98, 0x32edd000, 0x33800000)
    ro space 10240K,  42% used [0x36c00000, 0x37034650, 0x37034800, 0x37600000)
    rw space 12288K,  52% used [0x37600000, 0x37c4be40, 0x37c4c000, 0x38200000)
}
Event: 15.035 GC heap before
{Heap before GC invocations=3 (full 0):
 def new generation   total 4928K, used 4928K [0x22c00000, 0x23150000, 0x28150000)
  eden space 4416K, 100% used [0x22c00000, 0x23050000, 0x23050000)
  from space 512K, 100% used [0x230d0000, 0x23150000, 0x23150000)
  to   space 512K,   0% used [0x23050000, 0x23050000, 0x230d0000)
 tenured generation   total 10944K, used 3090K [0x28150000, 0x28c00000, 0x32c00000)
   the space 10944K,  28% used [0x28150000, 0x28454b78, 0x28454c00, 0x28c00000)
 compacting perm gen  total 12288K, used 3669K [0x32c00000, 0x33800000, 0x36c00000)
   the space 12288K,  29% used [0x32c00000, 0x32f956b8, 0x32f95800, 0x33800000)
    ro space 10240K,  42% used [0x36c00000, 0x37034650, 0x37034800, 0x37600000)
    rw space 12288K,  52% used [0x37600000, 0x37c4be40, 0x37c4c000, 0x38200000)
Event: 15.043 GC heap after
Heap after GC invocations=4 (full 0):
 def new generation   total 4928K, used 489K [0x22c00000, 0x23150000, 0x28150000)
  eden space 4416K,   0% used [0x22c00000, 0x22c00000, 0x23050000)
  from space 512K,  95% used [0x23050000, 0x230ca5c8, 0x230d0000)
  to   space 512K,   0% used [0x230d0000, 0x230d0000, 0x23150000)
 tenured generation   total 10944K, used 3589K [0x28150000, 0x28c00000, 0x32c00000)
   the space 10944K,  32% used [0x28150000, 0x284d1700, 0x284d1800, 0x28c00000)
 compacting perm gen  total 12288K, used 3669K [0x32c00000, 0x33800000, 0x36c00000)
   the space 12288K,  29% used [0x32c00000, 0x32f956b8, 0x32f95800, 0x33800000)
    ro space 10240K,  42% used [0x36c00000, 0x37034650, 0x37034800, 0x37600000)
    rw space 12288K,  52% used [0x37600000, 0x37c4be40, 0x37c4c000, 0x38200000)
}
Event: 21.702 GC heap before
{Heap before GC invocations=4 (full 0):
 def new generation   total 4928K, used 4905K [0x22c00000, 0x23150000, 0x28150000)
  eden space 4416K, 100% used [0x22c00000, 0x23050000, 0x23050000)
  from space 512K,  95% used [0x23050000, 0x230ca5c8, 0x230d0000)
  to   space 512K,   0% used [0x230d0000, 0x230d0000, 0x23150000)
 tenured generation   total 10944K, used 3589K [0x28150000, 0x28c00000, 0x32c00000)
   the space 10944K,  32% used [0x28150000, 0x284d1700, 0x284d1800, 0x28c00000)
 compacting perm gen  total 12288K, used 3812K [0x32c00000, 0x33800000, 0x36c00000)
   the space 12288K,  31% used [0x32c00000, 0x32fb93e0, 0x32fb9400, 0x33800000)
    ro space 10240K,  42% used [0x36c00000, 0x37034650, 0x37034800, 0x37600000)
    rw space 12288K,  52% used [0x37600000, 0x37c4be40, 0x37c4c000, 0x38200000)
Event: 21.714 GC heap after
Heap after GC invocations=5 (full 0):
 def new generation   total 4928K, used 234K [0x22c00000, 0x23150000, 0x28150000)
  eden space 4416K,   0% used [0x22c00000, 0x22c00000, 0x23050000)
  from space 512K,  45% used [0x230d0000, 0x2310abf8, 0x23150000)
  to   space 512K,   0% used [0x23050000, 0x23050000, 0x230d0000)
 tenured generation   total 10944K, used 3862K [0x28150000, 0x28c00000, 0x32c00000)
   the space 10944K,  35% used [0x28150000, 0x28515a80, 0x28515c00, 0x28c00000)
 compacting perm gen  total 12288K, used 3812K [0x32c00000, 0x33800000, 0x36c00000)
   the space 12288K,  31% used [0x32c00000, 0x32fb93e0, 0x32fb9400, 0x33800000)
    ro space 10240K,  42% used [0x36c00000, 0x37034650, 0x37034800, 0x37600000)
    rw space 12288K,  52% used [0x37600000, 0x37c4be40, 0x37c4c000, 0x38200000)
}

Deoptimization events (0 events):
No events

Internal exceptions (10 events):
Event: 19.122 Thread 0x02f7b400 Threw 0x22f396b0 at C:\re\jdk7u65\1320\hotspot\src\share\vm\prims\jvm.cpp:1244
Event: 19.126 Thread 0x02f7b400 Threw 0x22f3f0b0 at C:\re\jdk7u65\1320\hotspot\src\share\vm\interpreter\interpreterRuntime.cpp:362
Event: 19.129 Thread 0x02f7b400 Threw 0x22f422b8 at C:\re\jdk7u65\1320\hotspot\src\share\vm\prims\jvm.cpp:1244
Event: 19.130 Thread 0x02f7b400 Threw 0x22f46810 at C:\re\jdk7u65\1320\hotspot\src\share\vm\prims\jvm.cpp:1244
Event: 21.696 Thread 0x02f7b400 Threw 0x23049480 at C:\re\jdk7u65\1320\hotspot\src\share\vm\interpreter\interpreterRuntime.cpp:362
Event: 80.501 Thread 0x02f7b400 Threw 0x22d85b20 at C:\re\jdk7u65\1320\hotspot\src\share\vm\interpreter\interpreterRuntime.cpp:362
Event: 82.534 Thread 0x02f7b400 Threw 0x22d8f6a8 at C:\re\jdk7u65\1320\hotspot\src\share\vm\interpreter\interpreterRuntime.cpp:362
Event: 82.534 Thread 0x02f7b400 Threw 0x22d8f6a8 at C:\re\jdk7u65\1320\hotspot\src\share\vm\prims\jvm.cpp:1248
Event: 82.534 Thread 0x02f7b400 Threw 0x22d8f6a8 at C:\re\jdk7u65\1320\hotspot\src\share\vm\prims\jvm.cpp:1248
Event: 87.382 Thread 0x02f7b400 Threw 0x22e268c0 at C:\re\jdk7u65\1320\hotspot\src\share\vm\prims\jvm.cpp:1244

Events (10 events):
Event: 87.382 loading class 0x02fb8530
Event: 87.382 loading class 0x02fb8530 done
Event: 90.849 Executing VM operation: RevokeBias
Event: 90.849 Executing VM operation: RevokeBias done
Event: 90.850 Executing VM operation: RevokeBias
Event: 90.850 Executing VM operation: RevokeBias done
Event: 90.883 Executing VM operation: BulkRevokeBias
Event: 90.884 Executing VM operation: BulkRevokeBias done
Event: 90.885 Executing VM operation: BulkRevokeBias
Event: 90.885 Executing VM operation: BulkRevokeBias done


Dynamic libraries:
0x00400000 - 0x0042f000 	C:\Program Files\Java\jre7\bin\javaw.exe
0x7c900000 - 0x7c9af000 	C:\WINDOWS\system32\ntdll.dll
0x7c800000 - 0x7c8f6000 	C:\WINDOWS\system32\kernel32.dll
0x77dd0000 - 0x77e6b000 	C:\WINDOWS\system32\ADVAPI32.dll
0x77e70000 - 0x77f02000 	C:\WINDOWS\system32\RPCRT4.dll
0x77fe0000 - 0x77ff1000 	C:\WINDOWS\system32\Secur32.dll
0x7e410000 - 0x7e4a1000 	C:\WINDOWS\system32\USER32.dll
0x77f10000 - 0x77f59000 	C:\WINDOWS\system32\GDI32.dll
0x773d0000 - 0x774d3000 	C:\WINDOWS\WinSxS\x86_Microsoft.Windows.Common-Controls_6595b64144ccf1df_6.0.2600.5512_x-ww_35d4ce83\COMCTL32.dll
0x77c10000 - 0x77c68000 	C:\WINDOWS\system32\msvcrt.dll
0x77f60000 - 0x77fd6000 	C:\WINDOWS\system32\SHLWAPI.dll
0x76390000 - 0x763ad000 	C:\WINDOWS\system32\IMM32.DLL
0x78aa0000 - 0x78b5f000 	C:\Program Files\Java\jre7\bin\msvcr100.dll
0x6e770000 - 0x6eaf8000 	C:\Program Files\Java\jre7\bin\client\jvm.dll
0x71ad0000 - 0x71ad9000 	C:\WINDOWS\system32\WSOCK32.dll
0x71ab0000 - 0x71ac7000 	C:\WINDOWS\system32\WS2_32.dll
0x71aa0000 - 0x71aa8000 	C:\WINDOWS\system32\WS2HELP.dll
0x76b40000 - 0x76b6d000 	C:\WINDOWS\system32\WINMM.dll
0x76bf0000 - 0x76bfb000 	C:\WINDOWS\system32\PSAPI.DLL
0x6e6c0000 - 0x6e6cc000 	C:\Program Files\Java\jre7\bin\verify.dll
0x6d480000 - 0x6d4a0000 	C:\Program Files\Java\jre7\bin\java.dll
0x6e750000 - 0x6e763000 	C:\Program Files\Java\jre7\bin\zip.dll
0x6d000000 - 0x6d143000 	C:\Program Files\Java\jre7\bin\awt.dll
0x77120000 - 0x771ab000 	C:\WINDOWS\system32\OLEAUT32.dll
0x774e0000 - 0x7761d000 	C:\WINDOWS\system32\ole32.dll
0x5ad70000 - 0x5ada8000 	C:\WINDOWS\system32\uxtheme.dll
0x74720000 - 0x7476c000 	C:\WINDOWS\system32\MSCTF.dll
0x755c0000 - 0x755ee000 	C:\WINDOWS\system32\msctfime.ime
0x7c9c0000 - 0x7d1d7000 	C:\WINDOWS\system32\SHELL32.dll
0x6d270000 - 0x6d2a9000 	C:\Program Files\Java\jre7\bin\fontmanager.dll
0x76fd0000 - 0x7704f000 	C:\WINDOWS\system32\CLBCATQ.DLL
0x77050000 - 0x77115000 	C:\WINDOWS\system32\COMRes.dll
0x77c00000 - 0x77c08000 	C:\WINDOWS\system32\VERSION.dll
0x6e4b0000 - 0x6e4c4000 	C:\Program Files\Java\jre7\bin\net.dll
0x6e4d0000 - 0x6e4df000 	C:\Program Files\Java\jre7\bin\nio.dll
0x6e670000 - 0x6e6a0000 	C:\Program Files\Java\jre7\bin\t2k.dll
0x10000000 - 0x10121000 	C:\WINDOWS\system32\phidget21.dll
0x688f0000 - 0x688f9000 	C:\WINDOWS\system32\HID.DLL
0x77920000 - 0x77a13000 	C:\WINDOWS\system32\SETUPAPI.dll
0x76c30000 - 0x76c5e000 	C:\WINDOWS\system32\WINTRUST.dll
0x77a80000 - 0x77b15000 	C:\WINDOWS\system32\CRYPT32.dll
0x77b20000 - 0x77b32000 	C:\WINDOWS\system32\MSASN1.dll
0x76c90000 - 0x76cb8000 	C:\WINDOWS\system32\IMAGEHLP.dll
0x6d180000 - 0x6d1a4000 	C:\Program Files\Java\jre7\bin\dcpr.dll
0x033a0000 - 0x033a8000 	C:\WINDOWS\system32\teVirtualMIDI32.dll
0x72d20000 - 0x72d29000 	C:\WINDOWS\system32\wdmaud.drv
0x72d10000 - 0x72d18000 	C:\WINDOWS\system32\msacm32.drv
0x77be0000 - 0x77bf5000 	C:\WINDOWS\system32\MSACM32.dll
0x77bd0000 - 0x77bd7000 	C:\WINDOWS\system32\midimap.dll
0x68000000 - 0x68036000 	C:\WINDOWS\system32\rsaenh.dll
0x769c0000 - 0x76a74000 	C:\WINDOWS\system32\USERENV.dll
0x5b860000 - 0x5b8b5000 	C:\WINDOWS\system32\netapi32.dll
0x76d60000 - 0x76d79000 	C:\WINDOWS\system32\IPHLPAPI.DLL
0x76d40000 - 0x76d58000 	C:\WINDOWS\system32\MPRAPI.dll
0x77cc0000 - 0x77cf2000 	C:\WINDOWS\system32\ACTIVEDS.dll
0x76e10000 - 0x76e35000 	C:\WINDOWS\system32\adsldpc.dll
0x76f60000 - 0x76f8c000 	C:\WINDOWS\system32\WLDAP32.dll
0x76b20000 - 0x76b31000 	C:\WINDOWS\system32\ATL.DLL
0x76e80000 - 0x76e8e000 	C:\WINDOWS\system32\rtutils.dll
0x71bf0000 - 0x71c03000 	C:\WINDOWS\system32\SAMLIB.dll
0x59a60000 - 0x59b01000 	C:\WINDOWS\system32\dbghelp.dll

VM Arguments:
jvm_args: -Dfile.encoding=Cp1252 
java_command: MainFrame
Launcher Type: SUN_STANDARD

Environment Variables:
CLASSPATH=.;C:\Program Files\Java\jre7\lib\ext\QTJava.zip
PATH=C:/Program Files/Java/jre7/bin/client;C:/Program Files/Java/jre7/bin;C:/Program Files/Java/jre7/lib/i386;C:\Program Files\NVIDIA Corporation\PhysX\Common;C:\app\Jimbo\product\11.2.0\dbhome_1\bin;C:\WINDOWS\system32;C:\WINDOWS;C:\WINDOWS\System32\Wbem;C:\Program Files\MIT\Kerberos\bin;C:\Program Files\Common Files\Roxio Shared\DLLShared\;C:\Program Files\Common Files\Roxio Shared\DLLShared\;C:\Program Files\Common Files\Roxio Shared\VHStoDVD\DLLShared\;C:\Program Files\QuickTime\QTSystem\;C:\Program Files\eclipse;
USERNAME=Jimbo
OS=Windows_NT
PROCESSOR_IDENTIFIER=x86 Family 6 Model 23 Stepping 10, GenuineIntel



---------------  S Y S T E M  ---------------

OS: Windows XP Build 2600 Service Pack 3

CPU:total 2 (2 cores per cpu, 1 threads per core) family 6 model 23 stepping 10, cmov, cx8, fxsr, mmx, sse, sse2, sse3, ssse3, tsc

Memory: 4k page, physical 3072780k(1725532k free), swap 5003188k(3697348k free)

vm_info: Java HotSpot(TM) Client VM (24.65-b04) for windows-x86 JRE (1.7.0_65-b20), built on Jul 11 2014 01:01:06 by "java_re" with unknown MS VC++:1600

time: Mon Oct 20 08:28:09 2014
elapsed time: 92 seconds

